<?xml version="1.0" encoding="UTF-8"?>
<!-- Generated by org.testng.reporters.JUnitReportReporter -->
<testsuite hostname="DESKTOP-LJO49QG" name="com.LostFound.dao.ItemDaoTest" tests="4" failures="0" timestamp="26 Oct 2016 22:59:33 GMT" time="0.241" errors="0">
  <testcase name="update" time="0.022" classname="com.LostFound.dao.ItemDaoTest"/>
  <testcase name="delete" time="0.030" classname="com.LostFound.dao.ItemDaoTest"/>
  <testcase name="create" time="0.182" classname="com.LostFound.dao.ItemDaoTest"/>
  <testcase name="findById" time="0.007" classname="com.LostFound.dao.ItemDaoTest"/>
</testsuite> <!-- com.LostFound.dao.ItemDaoTest -->
