<?xml version="1.0" encoding="UTF-8"?>
<!-- Generated by org.testng.reporters.JUnitReportReporter -->
<testsuite hostname="auth47-81.fi.muni.cz" name="com.LostFound.dao.ItemDaoTest" tests="4" failures="0" timestamp="31 Oct 2016 17:33:23 GMT" time="0.257" errors="0">
  <testcase name="update" time="0.043" classname="com.LostFound.dao.ItemDaoTest"/>
  <testcase name="create" time="0.154" classname="com.LostFound.dao.ItemDaoTest"/>
  <testcase name="findById" time="0.009" classname="com.LostFound.dao.ItemDaoTest"/>
  <testcase name="delete" time="0.051" classname="com.LostFound.dao.ItemDaoTest"/>
</testsuite> <!-- com.LostFound.dao.ItemDaoTest -->
